<?xml version="1.0" encoding="UTF-8" ?>
<testsuite tests="112" failures="0" name="com.nv.netmdkb.analytic.bl.dataPoint.DataPointTest" time="18.521" errors="0" skipped="0">
  <properties>
    <property name="java.runtime.name" value="Java(TM) SE Runtime Environment"/>
    <property name="sun.boot.library.path" value="C:\Program Files\Java\jdk1.8.0_112\jre\bin"/>
    <property name="java.vm.version" value="25.112-b15"/>
    <property name="java.vm.vendor" value="Oracle Corporation"/>
    <property name="maven.multiModuleProjectDirectory" value="C:\netmd\netmdkbMaven"/>
    <property name="java.vendor.url" value="http://java.oracle.com/"/>
    <property name="path.separator" value=";"/>
    <property name="guice.disable.misplaced.annotation.check" value="true"/>
    <property name="java.vm.name" value="Java HotSpot(TM) 64-Bit Server VM"/>
    <property name="file.encoding.pkg" value="sun.io"/>
    <property name="user.script" value=""/>
    <property name="user.country" value="US"/>
    <property name="sun.java.launcher" value="SUN_STANDARD"/>
    <property name="sun.os.patch.level" value="Service Pack 1"/>
    <property name="java.vm.specification.name" value="Java Virtual Machine Specification"/>
    <property name="user.dir" value="C:\netmd\netmdkbMaven"/>
    <property name="java.runtime.version" value="1.8.0_112-b15"/>
    <property name="java.awt.graphicsenv" value="sun.awt.Win32GraphicsEnvironment"/>
    <property name="java.endorsed.dirs" value="C:\Program Files\Java\jdk1.8.0_112\jre\lib\endorsed"/>
    <property name="os.arch" value="amd64"/>
    <property name="java.io.tmpdir" value="C:\Users\NETVAR~1\AppData\Local\Temp\"/>
    <property name="line.separator" value="
"/>
    <property name="java.vm.specification.vendor" value="Oracle Corporation"/>
    <property name="user.variant" value=""/>
    <property name="os.name" value="Windows 7"/>
    <property name="classworlds.conf" value="C:\netmd\.metadata\.plugins\org.eclipse.m2e.launching\launches\m2conf3435450236184439465.tmp"/>
    <property name="sun.jnu.encoding" value="Cp1252"/>
    <property name="java.library.path" value="C:\Program Files\Java\jdk1.8.0_112\bin;C:\Windows\Sun\Java\bin;C:\Windows\system32;C:\Windows;C:/Program Files/Java/jre1.8.0_112/bin/server;C:/Program Files/Java/jre1.8.0_112/bin;C:/Program Files/Java/jre1.8.0_112/lib/amd64;C:\ProgramData\Oracle\Java\javapath;C:\Windows\system32;C:\Windows;C:\Windows\System32\Wbem;C:\Windows\System32\WindowsPowerShell\v1.0\;C:\Program Files (x86)\ATI Technologies\ATI.ACE\Core-Static;%JAVA_HOME%\bin;C:\Program Files\Git\cmd;C:\Installations\eclipse;;."/>
    <property name="java.specification.name" value="Java Platform API Specification"/>
    <property name="java.class.version" value="52.0"/>
    <property name="sun.management.compiler" value="HotSpot 64-Bit Tiered Compilers"/>
    <property name="os.version" value="6.1"/>
    <property name="user.home" value="C:\Users\netvarth9"/>
    <property name="user.timezone" value="Asia/Calcutta"/>
    <property name="java.awt.printerjob" value="sun.awt.windows.WPrinterJob"/>
    <property name="java.specification.version" value="1.8"/>
    <property name="file.encoding" value="Cp1252"/>
    <property name="user.name" value="netvarth9"/>
    <property name="java.class.path" value="/C:/Installations/eclipse/plugins/org.eclipse.m2e.maven.runtime_1.7.0.20160603-1931/jars/plexus-classworlds-2.5.2.jar"/>
    <property name="java.vm.specification.version" value="1.8"/>
    <property name="sun.arch.data.model" value="64"/>
    <property name="java.home" value="C:\Program Files\Java\jdk1.8.0_112\jre"/>
    <property name="sun.java.command" value="org.codehaus.plexus.classworlds.launcher.Launcher -B install"/>
    <property name="java.specification.vendor" value="Oracle Corporation"/>
    <property name="user.language" value="en"/>
    <property name="awt.toolkit" value="sun.awt.windows.WToolkit"/>
    <property name="java.vm.info" value="mixed mode"/>
    <property name="java.version" value="1.8.0_112"/>
    <property name="java.ext.dirs" value="C:\Program Files\Java\jdk1.8.0_112\jre\lib\ext;C:\Windows\Sun\Java\lib\ext"/>
    <property name="sun.boot.class.path" value="C:\Program Files\Java\jdk1.8.0_112\jre\lib\resources.jar;C:\Program Files\Java\jdk1.8.0_112\jre\lib\rt.jar;C:\Program Files\Java\jdk1.8.0_112\jre\lib\sunrsasign.jar;C:\Program Files\Java\jdk1.8.0_112\jre\lib\jsse.jar;C:\Program Files\Java\jdk1.8.0_112\jre\lib\jce.jar;C:\Program Files\Java\jdk1.8.0_112\jre\lib\charsets.jar;C:\Program Files\Java\jdk1.8.0_112\jre\lib\jfr.jar;C:\Program Files\Java\jdk1.8.0_112\jre\classes"/>
    <property name="java.vendor" value="Oracle Corporation"/>
    <property name="maven.home" value="C:\netmd\netmdkbMaven\EMBEDDED"/>
    <property name="file.separator" value="\"/>
    <property name="java.vendor.url.bug" value="http://bugreport.sun.com/bugreport/"/>
    <property name="sun.cpu.endian" value="little"/>
    <property name="sun.io.unicode.encoding" value="UnicodeLittle"/>
    <property name="sun.desktop" value="windows"/>
    <property name="sun.cpu.isalist" value="amd64"/>
  </properties>
  <testcase classname="com.nv.netmdkb.analytic.bl.dataPoint.DataPointTest" name="parity5" time="13.498"/>
  <testcase classname="com.nv.netmdkb.analytic.bl.dataPoint.DataPointTest" name="parity4" time="0.08"/>
  <testcase classname="com.nv.netmdkb.analytic.bl.dataPoint.DataPointTest" name="oxytoxin3" time="0.15"/>
  <testcase classname="com.nv.netmdkb.analytic.bl.dataPoint.DataPointTest" name="oxytoxin4" time="0.04"/>
  <testcase classname="com.nv.netmdkb.analytic.bl.dataPoint.DataPointTest" name="oxytoxin1" time="0.163"/>
  <testcase classname="com.nv.netmdkb.analytic.bl.dataPoint.DataPointTest" name="noOfDelivery1" time="0.004"/>
  <testcase classname="com.nv.netmdkb.analytic.bl.dataPoint.DataPointTest" name="parity1" time="0.024"/>
  <testcase classname="com.nv.netmdkb.analytic.bl.dataPoint.DataPointTest" name="noOfDelivery2" time="0.191"/>
  <testcase classname="com.nv.netmdkb.analytic.bl.dataPoint.DataPointTest" name="oxytoxin2" time="0.117"/>
  <testcase classname="com.nv.netmdkb.analytic.bl.dataPoint.DataPointTest" name="parity3" time="0.02"/>
  <testcase classname="com.nv.netmdkb.analytic.bl.dataPoint.DataPointTest" name="parity2" time="0"/>
  <testcase classname="com.nv.netmdkb.analytic.bl.dataPoint.DataPointTest" name="maternalWeight6" time="0.352"/>
  <testcase classname="com.nv.netmdkb.analytic.bl.dataPoint.DataPointTest" name="maternalWeight5" time="0.019"/>
  <testcase classname="com.nv.netmdkb.analytic.bl.dataPoint.DataPointTest" name="maternalWeight4" time="0.028"/>
  <testcase classname="com.nv.netmdkb.analytic.bl.dataPoint.DataPointTest" name="maternalWeight3" time="0.084"/>
  <testcase classname="com.nv.netmdkb.analytic.bl.dataPoint.DataPointTest" name="maternalWeight2" time="0.058"/>
  <testcase classname="com.nv.netmdkb.analytic.bl.dataPoint.DataPointTest" name="maternalWeight1" time="0.001"/>
  <testcase classname="com.nv.netmdkb.analytic.bl.dataPoint.DataPointTest" name="maternalHeight5" time="0.004"/>
  <testcase classname="com.nv.netmdkb.analytic.bl.dataPoint.DataPointTest" name="maternalHeight4" time="0.027"/>
  <testcase classname="com.nv.netmdkb.analytic.bl.dataPoint.DataPointTest" name="bookedStatistics3" time="0.07"/>
  <testcase classname="com.nv.netmdkb.analytic.bl.dataPoint.DataPointTest" name="bookedStatistics2" time="0.07"/>
  <testcase classname="com.nv.netmdkb.analytic.bl.dataPoint.DataPointTest" name="bookedStatistics1" time="0.09"/>
  <testcase classname="com.nv.netmdkb.analytic.bl.dataPoint.DataPointTest" name="bookedStatistics4" time="0.061"/>
  <testcase classname="com.nv.netmdkb.analytic.bl.dataPoint.DataPointTest" name="FetalComplications1" time="0.019"/>
  <testcase classname="com.nv.netmdkb.analytic.bl.dataPoint.DataPointTest" name="FetalComplications2" time="0.071"/>
  <testcase classname="com.nv.netmdkb.analytic.bl.dataPoint.DataPointTest" name="FetalComplications3" time="0.018"/>
  <testcase classname="com.nv.netmdkb.analytic.bl.dataPoint.DataPointTest" name="maternalComlications1" time="0.018"/>
  <testcase classname="com.nv.netmdkb.analytic.bl.dataPoint.DataPointTest" name="maternalComlications2" time="0.048"/>
  <testcase classname="com.nv.netmdkb.analytic.bl.dataPoint.DataPointTest" name="maternalComlications3" time="0.085"/>
  <testcase classname="com.nv.netmdkb.analytic.bl.dataPoint.DataPointTest" name="maternalComlications4" time="0.03"/>
  <testcase classname="com.nv.netmdkb.analytic.bl.dataPoint.DataPointTest" name="maternalMortalityMorbidity1" time="0.003"/>
  <testcase classname="com.nv.netmdkb.analytic.bl.dataPoint.DataPointTest" name="maternalMortalityMorbidity2" time="0.057"/>
  <testcase classname="com.nv.netmdkb.analytic.bl.dataPoint.DataPointTest" name="placentalWeight21" time="0.037"/>
  <testcase classname="com.nv.netmdkb.analytic.bl.dataPoint.DataPointTest" name="thirdStageDuration1" time="0.004"/>
  <testcase classname="com.nv.netmdkb.analytic.bl.dataPoint.DataPointTest" name="thirdStageDuration2" time="0.071"/>
  <testcase classname="com.nv.netmdkb.analytic.bl.dataPoint.DataPointTest" name="thirdStageDuration3" time="0.016"/>
  <testcase classname="com.nv.netmdkb.analytic.bl.dataPoint.DataPointTest" name="thirdStageDuration4" time="0.063"/>
  <testcase classname="com.nv.netmdkb.analytic.bl.dataPoint.DataPointTest" name="apgarTest1" time="0.019"/>
  <testcase classname="com.nv.netmdkb.analytic.bl.dataPoint.DataPointTest" name="apgarTest2" time="0.021"/>
  <testcase classname="com.nv.netmdkb.analytic.bl.dataPoint.DataPointTest" name="apgarTest3" time="0.047"/>
  <testcase classname="com.nv.netmdkb.analytic.bl.dataPoint.DataPointTest" name="birthweightTest1" time="0.116"/>
  <testcase classname="com.nv.netmdkb.analytic.bl.dataPoint.DataPointTest" name="birthweightTest2" time="0.04"/>
  <testcase classname="com.nv.netmdkb.analytic.bl.dataPoint.DataPointTest" name="birthweightTest3" time="0.036"/>
  <testcase classname="com.nv.netmdkb.analytic.bl.dataPoint.DataPointTest" name="birthweightTest4" time="0.028"/>
  <testcase classname="com.nv.netmdkb.analytic.bl.dataPoint.DataPointTest" name="birthweightTest5" time="0.05"/>
  <testcase classname="com.nv.netmdkb.analytic.bl.dataPoint.DataPointTest" name="bloodGroupTest1" time="0.033"/>
  <testcase classname="com.nv.netmdkb.analytic.bl.dataPoint.DataPointTest" name="bloodGroupTest2" time="0.102"/>
  <testcase classname="com.nv.netmdkb.analytic.bl.dataPoint.DataPointTest" name="bloodGroupTest3" time="0.019"/>
  <testcase classname="com.nv.netmdkb.analytic.bl.dataPoint.DataPointTest" name="bloodGroupTest4" time="0.001"/>
  <testcase classname="com.nv.netmdkb.analytic.bl.dataPoint.DataPointTest" name="bloodGroupTest5" time="0"/>
  <testcase classname="com.nv.netmdkb.analytic.bl.dataPoint.DataPointTest" name="bloodLossTest1" time="0.017"/>
  <testcase classname="com.nv.netmdkb.analytic.bl.dataPoint.DataPointTest" name="bloodLossTest2" time="0.017"/>
  <testcase classname="com.nv.netmdkb.analytic.bl.dataPoint.DataPointTest" name="bloodLossTest3" time="0.055"/>
  <testcase classname="com.nv.netmdkb.analytic.bl.dataPoint.DataPointTest" name="bloodLossTest4" time="0.098"/>
  <testcase classname="com.nv.netmdkb.analytic.bl.dataPoint.DataPointTest" name="bodyMassIndex1" time="0.043"/>
  <testcase classname="com.nv.netmdkb.analytic.bl.dataPoint.DataPointTest" name="bodyMassIndex2" time="0.019"/>
  <testcase classname="com.nv.netmdkb.analytic.bl.dataPoint.DataPointTest" name="bodyMassIndex3" time="0.052"/>
  <testcase classname="com.nv.netmdkb.analytic.bl.dataPoint.DataPointTest" name="bodyMassIndex4" time="0.026"/>
  <testcase classname="com.nv.netmdkb.analytic.bl.dataPoint.DataPointTest" name="bodyMassIndex5" time="0.013"/>
  <testcase classname="com.nv.netmdkb.analytic.bl.dataPoint.DataPointTest" name="Episiotomy1" time="0.039"/>
  <testcase classname="com.nv.netmdkb.analytic.bl.dataPoint.DataPointTest" name="Episiotomy2" time="0.047"/>
  <testcase classname="com.nv.netmdkb.analytic.bl.dataPoint.DataPointTest" name="Episiotomy3" time="0.003"/>
  <testcase classname="com.nv.netmdkb.analytic.bl.dataPoint.DataPointTest" name="gestation1" time="0.04"/>
  <testcase classname="com.nv.netmdkb.analytic.bl.dataPoint.DataPointTest" name="gestation2" time="0.012"/>
  <testcase classname="com.nv.netmdkb.analytic.bl.dataPoint.DataPointTest" name="gestation3" time="0.02"/>
  <testcase classname="com.nv.netmdkb.analytic.bl.dataPoint.DataPointTest" name="Induction1" time="0.015"/>
  <testcase classname="com.nv.netmdkb.analytic.bl.dataPoint.DataPointTest" name="Induction2" time="0.057"/>
  <testcase classname="com.nv.netmdkb.analytic.bl.dataPoint.DataPointTest" name="Induction3" time="0.026"/>
  <testcase classname="com.nv.netmdkb.analytic.bl.dataPoint.DataPointTest" name="Induction4" time="0.015"/>
  <testcase classname="com.nv.netmdkb.analytic.bl.dataPoint.DataPointTest" name="IntraVenusFluid1" time="0.016"/>
  <testcase classname="com.nv.netmdkb.analytic.bl.dataPoint.DataPointTest" name="IntraVenusFluid2" time="0.024"/>
  <testcase classname="com.nv.netmdkb.analytic.bl.dataPoint.DataPointTest" name="IntraVenusFluid3" time="0.016"/>
  <testcase classname="com.nv.netmdkb.analytic.bl.dataPoint.DataPointTest" name="IntraVenusFluid4" time="0.016"/>
  <testcase classname="com.nv.netmdkb.analytic.bl.dataPoint.DataPointTest" name="maternalAgeTest1" time="0.019"/>
  <testcase classname="com.nv.netmdkb.analytic.bl.dataPoint.DataPointTest" name="maternalAgeTest2" time="0.024"/>
  <testcase classname="com.nv.netmdkb.analytic.bl.dataPoint.DataPointTest" name="maternalAgeTest3" time="0.023"/>
  <testcase classname="com.nv.netmdkb.analytic.bl.dataPoint.DataPointTest" name="maternalAgeTest4" time="0.021"/>
  <testcase classname="com.nv.netmdkb.analytic.bl.dataPoint.DataPointTest" name="maternalHeight1" time="0.036"/>
  <testcase classname="com.nv.netmdkb.analytic.bl.dataPoint.DataPointTest" name="maternalHeight2" time="0.119"/>
  <testcase classname="com.nv.netmdkb.analytic.bl.dataPoint.DataPointTest" name="maternalHeight3" time="0.021"/>
  <testcase classname="com.nv.netmdkb.analytic.bl.dataPoint.DataPointTest" name="perinealTear1" time="0.019"/>
  <testcase classname="com.nv.netmdkb.analytic.bl.dataPoint.DataPointTest" name="perinealTear2" time="0.036"/>
  <testcase classname="com.nv.netmdkb.analytic.bl.dataPoint.DataPointTest" name="perinealTear3" time="0.158"/>
  <testcase classname="com.nv.netmdkb.analytic.bl.dataPoint.DataPointTest" name="perinealTear4" time="0.014"/>
  <testcase classname="com.nv.netmdkb.analytic.bl.dataPoint.DataPointTest" name="perinealTear5" time="0.016"/>
  <testcase classname="com.nv.netmdkb.analytic.bl.dataPoint.DataPointTest" name="perinealTear6" time="0.049"/>
  <testcase classname="com.nv.netmdkb.analytic.bl.dataPoint.DataPointTest" name="placentalWeight1" time="0.088"/>
  <testcase classname="com.nv.netmdkb.analytic.bl.dataPoint.DataPointTest" name="placentalWeight3" time="0"/>
  <testcase classname="com.nv.netmdkb.analytic.bl.dataPoint.DataPointTest" name="placentalWeight4" time="0"/>
  <testcase classname="com.nv.netmdkb.analytic.bl.dataPoint.DataPointTest" name="presentation1" time="0.001"/>
  <testcase classname="com.nv.netmdkb.analytic.bl.dataPoint.DataPointTest" name="presentation2" time="0.029"/>
  <testcase classname="com.nv.netmdkb.analytic.bl.dataPoint.DataPointTest" name="presentation3" time="0.014"/>
  <testcase classname="com.nv.netmdkb.analytic.bl.dataPoint.DataPointTest" name="presentation4" time="0.017"/>
  <testcase classname="com.nv.netmdkb.analytic.bl.dataPoint.DataPointTest" name="presentation5" time="0.033"/>
  <testcase classname="com.nv.netmdkb.analytic.bl.dataPoint.DataPointTest" name="presentation6" time="0.033"/>
  <testcase classname="com.nv.netmdkb.analytic.bl.dataPoint.DataPointTest" name="previousCS" time="0.043"/>
  <testcase classname="com.nv.netmdkb.analytic.bl.dataPoint.DataPointTest" name="previousCS2" time="0.208"/>
  <testcase classname="com.nv.netmdkb.analytic.bl.dataPoint.DataPointTest" name="previousCS3" time="0.028"/>
  <testcase classname="com.nv.netmdkb.analytic.bl.dataPoint.DataPointTest" name="typeOfDelivery1" time="0.023"/>
  <testcase classname="com.nv.netmdkb.analytic.bl.dataPoint.DataPointTest" name="typeOfDelivery2" time="0.102"/>
  <testcase classname="com.nv.netmdkb.analytic.bl.dataPoint.DataPointTest" name="typeOfDelivery3" time="0.009"/>
  <testcase classname="com.nv.netmdkb.analytic.bl.dataPoint.DataPointTest" name="typeOfDelivery4" time="0.028"/>
  <testcase classname="com.nv.netmdkb.analytic.bl.dataPoint.DataPointTest" name="typeOfDelivery5" time="0.033"/>
  <testcase classname="com.nv.netmdkb.analytic.bl.dataPoint.DataPointTest" name="typeOfDelivery6" time="0.031"/>
  <testcase classname="com.nv.netmdkb.analytic.bl.dataPoint.DataPointTest" name="robsonClass" time="0.035"/>
  <testcase classname="com.nv.netmdkb.analytic.bl.dataPoint.DataPointTest" name="robsonClass2" time="0.069"/>
  <testcase classname="com.nv.netmdkb.analytic.bl.dataPoint.DataPointTest" name="robsonClass3" time="0.017"/>
  <testcase classname="com.nv.netmdkb.analytic.bl.dataPoint.DataPointTest" name="robsonClass4" time="0.02"/>
  <testcase classname="com.nv.netmdkb.analytic.bl.dataPoint.DataPointTest" name="robsonClass5" time="0.064"/>
  <testcase classname="com.nv.netmdkb.analytic.bl.dataPoint.DataPointTest" name="robsonClass6" time="0.044"/>
  <testcase classname="com.nv.netmdkb.analytic.bl.dataPoint.DataPointTest" name="robsonClass7" time="0.027"/>
  <testcase classname="com.nv.netmdkb.analytic.bl.dataPoint.DataPointTest" name="robsonClass8" time="0.081"/>
</testsuite>